..#.........#...#......#...........#.#...#............#...#.........#....#......................#......#..........................
...........#....#.............#......XXXXXXXXXXXXXXXXXXXXXXXXXXXXXXX#............................................#.....#..........
.................#.........#.......#.X.....#..#............#.......X.#.........#............................................#.....
......#..............................X.#......XXXXXXXXXXXXXXXXXXXXXXXXXXXXXXXXXXX#................................................
#...............................##...X..#.#...X....................X..#.........X..........#...#...............#.................#
.............#......#................X........X.................#..X...........#X.........#..............#........................
...#...................#.............X#.......X#.......#..........#X............X...........#.#.....#.....#.......................
#.#...#.............................#XXXXXXXXXXXXXXXXXXXXXXXXXXXXXXXXXXXXXXXXXXXX.....#..............#............#...............
......XXXXXXXXXXXXXXXXXXXXXXX#.......#........X....#......#........X......#.....#.................................................
......X.....................X.......#.........X....................X......#.................#........#..........#.#..#...........#
......X...............#.....X#................X..............#.....X...........#.......#......................#.......#...........
...#..X...........#.........X..........#......X.....#........XXX##.X#..................XXXXXXXXXXXXXXXXXXXXXXXXXXXXXXXXXXX#.......
....#.X.......#.............X.................X...#..........X.X.XXXXXXXXXXXXXXXXXXXXXXXXXXXXXXXXXX#.....................X....#...
......X.......#.....#.......X.................X..............X.X.X.X..................#X.#.....##.X.....#................X........
......X..#....#.....XXXXXX##X.................X..............X.X.X.X..#......#.........X..........X#..........#.......#..X........
..#...X#..........#.X....X.XXXXXXXXXXXXXXXXXXXXXXXXXXXXXXXXXXXXXXXXXXXXXXXXXXXXXXXXX#..X.#........X...#............#..XXXXXX#.....
......X.....#.#....#X....X.XX..#.............#X..........#...X.X.X.X........#.....#X...X.XXXXXXXXXXXXXXXXXXXXXXXXXXX#.X..X.X#.....
......X...#.......#.X....X.XX.................X#........#....X.X.X.X#.......#...#..X.#.X.X....#...X.........##.#...X..X..X.X#.....
......X............#X....X.XX#....#...........X..............X.X.X.X............XXXXXXXXXXXXXXXXXXXXXXXX#.#........X.#X..X.X......
.#...#X#............X....X#XXXXXXXXXXXXXXXXXXXXXXXXXXXXXXXXXXXXXXXXXXXXXXX#.....X..X...X.X........X...#X...........X..X..X.X.#....
......X..#..........X...#X.XXX....#.......#.#.X....##........X.X.X.X...#.X....#.X.#X.#.X.X.......#X....X...........X..X#.X.X......
......X.............X....X.XXX.#.............#X.#......#.....X.X.X.X#....X.....#X.XXXXXXXXXXXXXXXXXXXX#X.........#.X..X..X.X...#..
......X...#.....#...X....X.XXX.............#..X..............X.X.X.X.....X......X.XX...X.X....#.#.X#.X.X.#.........X..X..X.X......
......X.....#..##...X....X.XXX................X...#..........X.X.X.X...#.X...#..X.XX...X.X......XXXXXXXXXXXXXXXXXXXXX#X..X.X......
......X.........XXXXXX#.#X.XXX..............#.X....#.........X.X.X.X...XXXXXXXXXXXXXXXXXXXXXXXXXXXXXXXXXXXXXXXXXXX#XX.X..X.X......
......X#........X...XX..XXXXXXXXXXXXXXXXXXXXXXXXXXXXXXXXXXXXXXXXXXXXXXXXXXXXXXXXXXXXX#.X.X......X.X..X.X.........X.XX.X..X.X......
......X.#.......X...XX..XX#XXXXXXXXXXXXXXXXXXXXXXXXXXXXXXXXXXXXXXXXXXXXXXX.....#X.XXX..X.X......X.X..X.X.........X.XX.X#.X.X##.#..
......X.XXXXXXXXXX#.XX..XX..XX.............#..X...#..##....#.X.X.X.X.#.X.##..#..X.XXX..X.X......X.X..X.X.........X#XX.X..X.X......
......X.X....#..XX..XX..XX..XX.............XXXXXXXXXXXXXXXXXXXXXXXXXXXXXXXXXXXXXXXXXXXXXXXXX##..X#X..X.X#........X.XX.X..X#X......
......X.X.......XX..XX..XX..XX....#.#......X..X..............X.X.X.X...X........X.XXX..X.X.X....X.X..X.X.........X#XX.X..X.X......
......X.X..#....XX..XX..XX..XX.............X.#XXXXXXXXXXXXXXXXXXXXXXXXXXXXXXXXXXXXXXXXXXXXXXXXXXXXXXXXXXXXXXXXXXXXXXX#X..X.X#.....
.....#XXXXXXXXXXXX..XX..XX..XX.............X.................X.X.X#X...X........X.XXX..X.X.X....X.X..X.X.........X.#X.X..X.X......
.....#..X.......X#.#XXXXXXXXXX#............X.#...............X.X.X.X...X#.......X.XXX..X.X.X....X.X..X.X.........X..X.X..X#X......
....#...X....#..X#...X..XX..#X.#...........X.................X.X.X.X...X........X.XXX..X.X.X....X.X..X.X..#......X..X.X..X.X......
........X.......XXXXXXXXXXXXXXXXXXXXXXXXXXXXXXXXXXXXXXXXXXXXXXXXXXXXXXXXX#.....#XXXXXXXXXXXX....X.X..X.X.........X..X.X#.X.X#.....
........X......#XX.#.X#.XX..#X.............X........#........X.X.X.X..#XX......#..XXX..X.X##....X.X..X.X.........X..X.X..X.X....#.
........X.......XX...X.#XX..#X..#..........X.......#.........X.X.X.X..#XX.........XXX..X.X......X.X..X.X....#....X..X.X..X#X......
........X..#..#.XX#..X..XX...X..XXXXXXXXXXXXXXXXXXXXXXXXXXXXXXXXXXXXXXXXXX#.......XXX..X.X......X.X#.X.X.........X..X.X..X#X......
........X.......XX...X..XX...X..X..........X.#...............X.X...X...XXX........XXX..X.X......X.XXXXXXXXXXXXXXXXXXXXXXXXXXXXX#..
......#.X.#.....XX..#X..XX...X..X..........X..............#..X.X...X...XXX........XXX..X.X......X.XX.X.X..#..#...X#.X.X..X#X..X...
...#....X.XXXXXXXXXXXXXXXXXXXXXXXXXXXXXXXXXXXXXXXXXXXXXXXX#..X.X...X...XXX..#..#..XXX..X.X......X.XX.X.X.........X..X.X..X.X.#X...
.....#..X.X.....XX...X..XX..#XXXXXXXXXXXXXXXXXXXXXXXXXXXXX...X.X...X#..XXX........XXX..X.X......X.XX.X.X.........X#.X.X#.X.X..X...
...#....X.X.....XX...X..XX......X..........X.............#...X.X#..X#..XXX..#....#XXX..X.X......X.XX.X.X........#X..X#X..X.X..X...
......#.X.X.#...XX#..X..XX....#.X.#........X.......#.....XXXXXXXXXXXXXXXXXXXXXXXXXXXXXXXXXXXXXX#X.XX.X.X.........X..X.X..X.X..X...
........X.X.....XX...X..XX......X..#.......X.......#.....X...X.X...X...XXX........XXX..X.X....X.X.XX.X.X..#......X..X.X..X.X..X...
........X.X.....XX...X..XX....#.X.#XXXXXXXXXXXXXXXXXXXXXXXXXXXXXXXXXXXXXXXXXXXXXXXXXXXXXXXX#.#X.X.XX.X.X...#.....X..X.X..X.X..X...
......#.X.X...#.XX...X..XX.#..#.X..X.......X.........#..#X...X#X...X...XXX.......#XXX..X#XXXXXXXXXXXXXXXXXXXXXXXXXXXXXXXXXXXXXX...
#......#X.X.#...XX..#X..XX......X..X.....#.X...#.#.......X...X.X...X...XXX........XXX..X..X...X.X.XX.X.X.........X..X.X..X.X..#...
.#....#.X.X.....XX..XXXXXXXXXXXXXXXXXXXXXX#X.....XXXXXXXXXXX#X.X...X...XXX.......#XXXXXXXXXXXXXXXXXXXXXX.........X..X.X..X#X......
........X.X.....XX..XX..XX......X..X.....X.X#....X.......X.X.X.X...X...XXX......#..XX..X#.X...X.X.XX.X.#.........X..X.X..X.X.....#
........X.X.##..XX..XX.#XXXXXXXXXXXXXXXXXXXXXXXXXXXXXXXXXXXXXXXXXXXXXXXXXXXXXXXXXXXXX..X..X...X.X.XX.X#.........#X..X.X..X.X......
##......X.X.XXXXXXXXXXXXXXXXXXXXXXXXXXXXXXXXXXXXXXX#.....X.X.X.X...X...XXX.#.#.....#X..X..X...X.X.XX.X...........X..X.X..X.X......
........X.X.X...XX..XX...X.#....X..X..#..X#X#....XX......X.X.X.X...X..#XXX..........X..X..X...X.X.XX.X..##.....#.X..X.X..X.X......
........X.X.X#..XX..XX..#X......X..X.....X.X.....XX......X.X.X.X.#.X...XXX....#.....X..X..X#..X.X.XX.X..XXXXXXXXXXXXXXXXXXXXXXXXX#
........X.X.X...XX..XX..XXXXXXXXXXXXXXXXXXXXXXXXXXXXX#...X.X.X.X...X...XXX..........X..X..X...X.X.XX.X.#X........X..X.X..X.X....X.
.....#..X.X.X...XX..XX..XX......X..X.....X.X..#..XX.X....X.X.X.X...X...XXX..#...#...X..X..X...X.X.XX.X#.X........X..X.X..X.X....X.
.......#X.X.X...XX..XX..XX......X..X.....X#X.....XX.X.#..X.X.X#X...X#..XXX..XXXXXXXXXXXXXXXXXXXXXXXXXXXXXXXXX#...X..X#XXXX.X....X.
........X.X.X#..XX..XX..XX......X..X.#...X.X.....XX.X....X.X#X.X..#X...XXX#.X.......X..X..X...X.X.XX.X..X...X#..#X..X....#.X....X.
........X.X.XXXXXXXXXXXXXXXXXXXXXXXXXXXXXXXXXXXXXXXXXXX#.X.X.X#X...X...XXX..X.#.....X..X#.X...X.X.XX.X#.X...X....X.#X......X....X.
....#...X.X.XX..XX..XX..XX......X..X#.#..X.X.....XX.X.X..X.X#X.X...X...XXX..X.......X..X..X...X.X.XX.X..X...X....X.XXXXXXXXXXX#.X#
........X.X.XX..XX..XX..XX.#....X..X#....X.X.....XX.X.X..X.X.X.X...X...XXX..X..#....X..X..X...X.X.XX.X..X...X....X.XX...#..X.X..X.
....#...X.X.XX..XX..XX..XX......X..X.....X.X.....XX.X.X..X.X.X.X...X...XXX..X.......X..X..X...X.X.XX.X..X...X....X.XX......X.X..X.
.##.....X.X#XX..XX.#XX..XX......X..X..#.#X.X.#...XX.X.X..X.X.X.X...X...XXX..X.......X..X..X...X.X.XX.X..X..#X##..X.XX......X.X..X.
.#..#...X.X.XX..XX..XX..XX..##..X..X....XXXXXXXXXXXXXXXXXXXXXXXXXXXXXXXXXXXXXXXXXXXXXX#X..X...X.X.XX.X..X...X....X.XX.#....X.X..X.
.....#.#X.X.XX..XX..XX#.XX......X..X....XX.X.....XX.X.X..X.X.X.X..#X...XXX..X.......XX.X..X...X.X.XX.X..X...X....X.XX......X.X..X.
.....#.#X.X.XX..XX..XX..XX......X..X#...XX.X.....XX.X.X..X.X.X.X...X...XXX..X.......XX.X..X...X.X.XX.X..X...X....X.XX......X.X..X.
........X.X.XX..XX..XX#.XX......X..X....XX.X.....XX#X.X.#XXXXXXXXXXXXXXXXXXXXXXXXXXXXXXXXXXXXXXXXXXX.X..X...X....X.XX#.....X.X..X.
.......#XXXXXXXXXXXXXXXXXXXXXXXXXXXXXXXXXXXXXXXXXXXXXXXXXXXXXXXXXXXX...XXX..X..#....XX.X..X...X.X.#X.X##XXXXXXXXXXXXXXXXXXXX.X..X.
..........X.XX.#XXXXXXXXXXXXXXXXXXXXXXXXXXXXXXXXXXXXXXXXXXXX.X.X...#...XXX..X.......XX.X..X...X.X..X.X...#..X....X.XX....#.#.X..X.
....#.....X.XX.#.X..XX.#XX#.....X..X....XX.X.....XX.X.X....#.X.X.......XXX..X.......XX.X..X...X.X..X.X......X....X.XX........X..X.
#......##.X.XX...X..XX.XXXXXXXXXXXXXXXXXXXXXXXXXXXXXXXXXXXXXXXXXXXXXXXXXXXX#X..#....XX.X..X...X.X..X.X..#...X....X.XX........X..X.
..........X.XX...X..XX.XXX......X.#XXXXXXXXXXXXXXXXXXXXXXXXXXXXXXXXXXXXXXXXXXXXXXXXXXX.X..X...X.X..X.X.....#X....X.XX..#.....X#.X.
.#........X.XX...X..XX#XXX.#....X.......XX.X.....XX.X.X......X#X.#.....XXXX.X.......#X#X..X...X.X..X.X......X.#..X.XX........X..X.
......#..#XXXXXXXXXXXXXXXXXXXXXXXXXXXXXXXXXXXXXXXXXXX.X......X.X.......XXXX.X........X.X..X...X.X..X.X....##X....X.XX........X..X.
.....##.....XX.#.X#.XX.XXX......X.......XX#X.....XX.#.X......X.X.#....#XXXXXXXXXXXXXXXXXXXXXXXXXXXXXXX......X....X.XX........X..X.
............XX.#.X..XX.XXX.#....X.......XX.X.#...XX...X..#...X.X...#....XXX.X........X.X..X#..X.X..X.#......X....X.XX........X#.X.
............XX...X..XX.XXX......X.......XX.X.XXXXXXXXXXXXXXXXXXXXXXXXXXXXXXXXXXXXXXXXXXXXXXX#.X#XXXXXXXXXXXXXXXXXXXXXXXXXXXXXXXXX.
............XX...X..XX.XXX......X.......XX#X.X...XX...X.#..#.X.X........XXX#X........X.X..XX..X....X.....#.#X....X#XX........X..#.
............XX...X..XX#XXX......X..#....XX.X.X#..XX...X......X.X........XXX.X........X.X..XX..X....X.......#X..#.X.XX........X..#.
...........#XX...X..XX.XXX.....#XXXXXXXXXXXXXXXXXXXXXXXXXXXXXXXXXXXXXXXXXXXXXXXXXXXXXXXXXXXXXXXXXXXXXXXXXXXXXXXXXXXXX........X....
.......#....XX...X..XX.XXX......#.......XX.X.X...XX...X......X.X........XXX.X........X.X..XX..X...#X........X....X.X#........X....
#...##......XX...X..XX#XXXXXXXXXXXXXXXXXXXXXXXXXXXXXXXXXXXXXXXXXXXXXXXXXXXX.X........X.X..XX.#X....X........X....X.X.........X#...
...#.....#..XX...X..XX..XX.......#...#..XX.X.X...XX.#.X......X.X........X#X.X......#.X.X..XX.#X....X........X....X.X.........X....
....#.......XX...X..XX..XX..............XX#X.X...XX...X......X.X........X.X.X......XXXXXXXXXXXXXXXXXXXXXXXXXXXXXXXXXXXXX#....X....
.........#..XX...X..XX..XX..............XX.X.X...XX...X......X.X........X.X.X......X.X.X#.XX..X....X...#....X....X.X...X.....X....
............XX...X..XX..XX.........#.#..XX.X.X...XX..#X......X.X........X.X.X......X.X.X..XX..X....X........X....X.X...X.....X##..
.........#..XX...X..XX#.XX...........#..XX.X.X...XX..XXXXXXXXXXXXXXXXXXXXXXXXXXXXXXXXXXXXXXXXXXXXXXXXXXXXXXXXXXX#X.X#..X.....X....
.....#......XX...X..XX..XX...#..#....#.#XX.X.X...XX..XX.....#XXXXXXXXXXXXXXXXXXXXXXXXXXXXXXXXXX....X...#....X..X.X.X...X.....X....
.....XXXXXXXXXXXXXXXXXXXXXXXXXXXXXXXXXX#XX.X.X..#XX..XX...#....X........X.X.X...#..X.X.X..XX..#....X......#.X..X.X.X...X..#..X....
.....X......XX..#XXXXXXXXXXXXXXXXXXXXXXXXXXXXXXXXXXXXXXXXXXXXXXX........X.X.X......X.X.X..XX.......X........X..X.X.X...X.....X....
.....X.#....XX......XX..XX............X.XX.X#X...XX..XX........#........X.X#X....#.X.X.X..XX.......X.......#X..X.X.X...X.....X....
.....X......XX.....#XXXXXXXXXXXXXXXXXXXXXXXXXXXXXXXXXXXXXXXXXXXXXXXXXXXXX.X.X......X#X.X..XX.......X#.......X..X.X.X.#.X.....X....
.....X....#.XX.......X..XX........#...X.XX.X.X...XX..XX..#...........#..#.X.X....#.X.X#X..XX.......X........X..X#X.X...X.....X....
.....X......XX.....#.X..XX............X.XX.X#X...XX.#XXXXXXXXXXXXXXXXXXXXXXXXXXXXXXXXXXXXXXX.......X.#......X..X.X.X...X.....X....
.....X......XX.......X.#XX............X.XX.X.X...XX.XXXXXXXXXXXXXXXXXXXXXXXXXX#....X.X.X..#X......#XXXXXXXXXXXXXXX.X..#X.....X....
.....X..#...XX.....#.X..XX..#......#..X.XX.X.X...XX.X.X...#...............X.XX.....X.X.X...X.....#..........X..X.#.X...X.....X....
.....X......XX.......X..XX............X.XX.X.X...XX.X.X....#...#..........X.XX.....X.X.X...X................X..X...X...X.....X....
.....X......XX.......X.#XXXXXXXXXXXXXXXXXX.X.X#..XX.X.X....#..#....#...#..X.XX.....X.X.X...X........#.......X..X...X...X.....X....
.#.#.X......XX.....#.X...X....#.......X.X##X.X...XX#XXXXXXXXXXXXXXXXXXXXXXXXXXXXXXXXXX.X...X................X..X...X...X.....X....
##...X.....#XX.......X...X......#.....X.X..X.X...XX.#.X.......#...........X.XX.....X.##XXXXX.............#..X..X...X...X.#...X....
.#...X......XX.......X..#X..#...#.....X.X..X.X...XX...X#............#.....X.XX.....X.......#................X#.X...X...X.....X..#.
#....X......XX.......X...X.....#XXXXXXXXXXXXXXXXXXXXXXXXXXXXXXXXXXXXXX#...X.XX..#.#XXXXXXXXXXXXXXXXXXXXXXXXXX..X...X...X.....X....
.....X.....#XX..#....X.#.X.....#X.....X.X..X.X...XX...X...#..........X....X.XX.......................#......#..X...X...X.#..#X....
.....X......XX.......X...X......X.....X.X..X.X...XX...X..............X....X.XX..................#.......#......X...X...X.....X....
....#XXXXXXXXXXXXXXXXXXXXX......X.....X#X..X.X...XX...X...........#..X....X.XX......................#...#...#..X...X...X.....X....
............XX.......X.#.#..#...X.....X.X..X.X...XX...X...#.#........X....X.XX..........#......#..........#....X...X...X.....X....
...##.......XX.......X..........X.....X.X..X#XXXXXXXXXX........#.....X....X.XX......#..........................X...X...X.....X....
...#.......#XXXXXXXXXX..........X...#.X.X..X...##XX...#............#.X....X.XX............#....................X...X...X.....X..#.
......#......X.......#..........X.....X.X..X.....XX#.................X....X.XX...................#.............X...X...X.....X.#..
#............X..................X.....X.X..X#....XX.#....#.#.........X#...X.XX.#............#..................X...X#..X....#X....
.............X....#.......#.....X.....X#X..X.#...XX.XXXXXXXXXXXXXXXXXXXXXXXXXXXXXXXXXXXXXXXXXXXXXXXXXXXXXXX#...X...X...X.....X....
.#...........X..................X.....X.X..X.....XX.X................X....X.XX.........#..................X....X...X...X...#.X....
...........#.X.......#.#........X.....X.X#.X.....XX.X...............#X....X.XX............................X....X.#.X...X.##..X....
.............X.........#......#.X.....X.X..X.....XX.X................X....X.XX..#........................#X....X...X...X...#.X....
.............X....#.............X.....X.X..X.....XX.X................X....X#XXXXXXXXXXXXXXXXXXXXXXXXXXXXXXXXXXXX...X...X....#X...#
.............X.................#XXXXXXX#X..X#....XX.X.#..........#...X.#..X..X............................X....#..#XXXXX.....X....
......##.....X..........##...#.XXX#...#.X.#XXXXXXXXXXXXXXXXXXXXXXXXXXXXXXXXXXX............................X............#.....X....
.............X.........#.......X.X..#...X........XX.X................X..#.X..#.......#....................X........#.........X....
.............X.........XXXXXXX#XXXXXXXXXXXXXXXXXXXXXXXXXXXXXXXXXXXXXXX....X.............#........#........X....#.............X....
.............X.........X#....X...X......X........XX.X................#....X.............#.....#...........X.......#..........X....
............#X.....#...X.....X...X......X........XX#XXXXXXXXXXXXXXXXXXXXXXXXXXXXXXXXXXXXXXXXXXXXXXXXXXXXXXXXXXXXXXXXXXXXXXXXXX...#
.#.........#.X.......#.X.....X.#.X.....#X#..#...#XXXXXXXXXXXXXXXXXXXXXXXXXX.....#.......#.........#.......X..................#....
.............X.........X#....X...X......X.........X.......................#...............................X....##......#..........
....#.......#XXXXXXXXXXXXXXXXXXXXX##...#XXXXXXXXXXXXXXXXXXXXXXXXXXXXXXXXXXXXXXXXXXXXXXXXXXXXXXXXXXXXXXXXXXX.......................
.......................X.....X...#................X......................#.......................#.#......#.......................
.#.............#.......X.....X....#...............X...........#.................#...........................................#.....
.....#.........#.......X.....X..#..........#..#...X......#......................#...#......................#....#.................
.................#.....X#....X....................X...........................................#...................................
......................#XXXXXXXXXXXXXXXXXXXXXXXXXXXX...........................#..#......#..............#..#..#..........#.........
.............................X.#.........#........#..................#.#.........#.#.#........#..#.........#....##...#............
